CMake Deprecation Warning at D:/Work/flutter_build_info/build_info_windows/example/build/windows/x64/_deps/googletest-src/CMakeLists.txt:4 (cmake_minimum_required):
  Compatibility with CMake < 3.5 will be removed from a future version of
  CMake.

  Update the VERSION argument <min> value or use a ...<max> suffix to tell
  CMake that the project does not need compatibility with older versions.


CMake Deprecation Warning at D:/Work/flutter_build_info/build_info_windows/example/build/windows/x64/_deps/googletest-src/googlemock/CMakeLists.txt:45 (cmake_minimum_required):
  Compatibility with CMake < 3.5 will be removed from a future version of
  CMake.

  Update the VERSION argument <min> value or use a ...<max> suffix to tell
  CMake that the project does not need compatibility with older versions.


CMake Deprecation Warning at D:/Work/flutter_build_info/build_info_windows/example/build/windows/x64/_deps/googletest-src/googletest/CMakeLists.txt:56 (cmake_minimum_required):
  Compatibility with CMake < 3.5 will be removed from a future version of
  CMake.

  Update the VERSION argument <min> value or use a ...<max> suffix to tell
  CMake that the project does not need compatibility with older versions.


D:\Work\flutter_build_info\build_info_windows\example\windows\flutter\ephemeral\.plugin_symlinks\build_info_windows\windows\build_info_windows_plugin.h(26,10): error C2143: ・ｽ\・ｽ・ｽ・ｽG・ｽ・ｽ・ｽ[: ';' ・ｽ・ｽ '<' ・ｽﾌ前・ｽﾉゑｿｽ・ｽ・ｽﾜゑｿｽ・ｽ・ｽB [D:\Work\flutter_build_info\build_info_windows\example\build\windows\x64\plugins\build_info_windows\build_info_windows_plugin.vcxproj]
D:\Work\flutter_build_info\build_info_windows\example\windows\flutter\ephemeral\.plugin_symlinks\build_info_windows\windows\build_info_windows_plugin.h(26,10): error C4430: ・ｽ^・ｽw・ｽ・ｽq・ｽ・ｽ・ｽ・ｽ・ｽ・ｽﾜゑｿｽ・ｽ・ｽ - int ・ｽﾆ会ｿｽ・ｽ閧ｵ・ｽﾜゑｿｽ・ｽ・ｽ・ｽB・ｽ・ｽ・ｽ・ｽ: C++ ・ｽ・ｽ int ・ｽ・ｽ・ｽ・ｽ・ｽ・ｽl・ｽﾆゑｿｽ・ｽﾄサ・ｽ|・ｽ[・ｽg・ｽ・ｽ・ｽﾄゑｿｽ・ｽﾜゑｿｽ・ｽ・ｽ [D:\Work\flutter_build_info\build_info_windows\example\build\windows\x64\plugins\build_info_windows\build_info_windows_plugin.vcxproj]
D:\Work\flutter_build_info\build_info_windows\example\windows\flutter\ephemeral\.plugin_symlinks\build_info_windows\windows\build_info_windows_plugin.h(26,55): error C2238: ';' ・ｽﾌ前・ｽﾉ厄ｿｽ・ｽ・ｽ・ｽﾈト・ｽ[・ｽN・ｽ・ｽ・ｽ・ｽ・ｽ・ｽ・ｽ・ｽﾜゑｿｽ・ｽB [D:\Work\flutter_build_info\build_info_windows\example\build\windows\x64\plugins\build_info_windows\build_info_windows_plugin.vcxproj]
D:\Work\flutter_build_info\build_info_windows\example\windows\flutter\ephemeral\.plugin_symlinks\build_info_windows\windows\build_info_windows_plugin.h(26,10): error C2143: ・ｽ\・ｽ・ｽ・ｽG・ｽ・ｽ・ｽ[: ';' ・ｽ・ｽ '<' ・ｽﾌ前・ｽﾉゑｿｽ・ｽ・ｽﾜゑｿｽ・ｽ・ｽB [D:\Work\flutter_build_info\build_info_windows\example\build\windows\x64\plugins\build_info_windows\build_info_windows_plugin.vcxproj]
D:\Work\flutter_build_info\build_info_windows\example\windows\flutter\ephemeral\.plugin_symlinks\build_info_windows\windows\build_info_windows_plugin.h(26,10): error C4430: ・ｽ^・ｽw・ｽ・ｽq・ｽ・ｽ・ｽ・ｽ・ｽ・ｽﾜゑｿｽ・ｽ・ｽ - int ・ｽﾆ会ｿｽ・ｽ閧ｵ・ｽﾜゑｿｽ・ｽ・ｽ・ｽB・ｽ・ｽ・ｽ・ｽ: C++ ・ｽ・ｽ int ・ｽ・ｽ・ｽ・ｽ・ｽ・ｽl・ｽﾆゑｿｽ・ｽﾄサ・ｽ|・ｽ[・ｽg・ｽ・ｽ・ｽﾄゑｿｽ・ｽﾜゑｿｽ・ｽ・ｽ [D:\Work\flutter_build_info\build_info_windows\example\build\windows\x64\plugins\build_info_windows\build_info_windows_plugin.vcxproj]
D:\Work\flutter_build_info\build_info_windows\example\windows\flutter\ephemeral\.plugin_symlinks\build_info_windows\windows\build_info_windows_plugin.h(26,55): error C2238: ';' ・ｽﾌ前・ｽﾉ厄ｿｽ・ｽ・ｽ・ｽﾈト・ｽ[・ｽN・ｽ・ｽ・ｽ・ｽ・ｽ・ｽ・ｽ・ｽﾜゑｿｽ・ｽB [D:\Work\flutter_build_info\build_info_windows\example\build\windows\x64\plugins\build_info_windows\build_info_windows_plugin.vcxproj]
D:\Work\flutter_build_info\build_info_windows\example\windows\flutter\ephemeral\.plugin_symlinks\build_info_windows\windows\build_info_windows_plugin.cpp(39,21): error C2039: 'setUp': 'build_info_windows::BuildInfoHostApi' ・ｽﾌ・ｿｽ・ｽ・ｽ・ｽo・ｽ[・ｽﾅはゑｿｽ・ｽ・ｽﾜゑｿｽ・ｽ・ｽ [D:\Work\flutter_build_info\build_info_windows\example\build\windows\x64\plugins\build_info_windows\build_info_windows_plugin.vcxproj]
D:\Work\flutter_build_info\build_info_windows\example\windows\flutter\ephemeral\.plugin_symlinks\build_info_windows\windows\build_info_windows_plugin.cpp(39,21): error C3861: 'setUp': ・ｽ・ｽ・ｽﾊ子・ｽ・ｽ・ｽ・ｽ・ｽﾂゑｿｽ・ｽ・ｽﾜゑｿｽ・ｽ・ｽﾅゑｿｽ・ｽ・ｽ [D:\Work\flutter_build_info\build_info_windows\example\build\windows\x64\plugins\build_info_windows\build_info_windows_plugin.vcxproj]
D:\Work\flutter_build_info\build_info_windows\example\windows\flutter\ephemeral\.plugin_symlinks\build_info_windows\windows\build_info_windows_plugin.cpp(66,8): error C2143: ・ｽ\・ｽ・ｽ・ｽG・ｽ・ｽ・ｽ[: ';' ・ｽ・ｽ '<' ・ｽﾌ前・ｽﾉゑｿｽ・ｽ・ｽﾜゑｿｽ・ｽ・ｽB [D:\Work\flutter_build_info\build_info_windows\example\build\windows\x64\plugins\build_info_windows\build_info_windows_plugin.vcxproj]
D:\Work\flutter_build_info\build_info_windows\example\windows\flutter\ephemeral\.plugin_symlinks\build_info_windows\windows\build_info_windows_plugin.cpp(66,8): error C4430: ・ｽ^・ｽw・ｽ・ｽq・ｽ・ｽ・ｽ・ｽ・ｽ・ｽﾜゑｿｽ・ｽ・ｽ - int ・ｽﾆ会ｿｽ・ｽ閧ｵ・ｽﾜゑｿｽ・ｽ・ｽ・ｽB・ｽ・ｽ・ｽ・ｽ: C++ ・ｽ・ｽ int ・ｽ・ｽ・ｽ・ｽ・ｽ・ｽl・ｽﾆゑｿｽ・ｽﾄサ・ｽ|・ｽ[・ｽg・ｽ・ｽ・ｽﾄゑｿｽ・ｽﾜゑｿｽ・ｽ・ｽ [D:\Work\flutter_build_info\build_info_windows\example\build\windows\x64\plugins\build_info_windows\build_info_windows_plugin.vcxproj]
D:\Work\flutter_build_info\build_info_windows\example\windows\flutter\ephemeral\.plugin_symlinks\build_info_windows\windows\build_info_windows_plugin.cpp(66,45): error C2143: ・ｽ\・ｽ・ｽ・ｽG・ｽ・ｽ・ｽ[: ';' ・ｽ・ｽ '{' ・ｽﾌ前・ｽﾉゑｿｽ・ｽ・ｽﾜゑｿｽ・ｽ・ｽB [D:\Work\flutter_build_info\build_info_windows\example\build\windows\x64\plugins\build_info_windows\build_info_windows_plugin.vcxproj]
D:\Work\flutter_build_info\build_info_windows\example\windows\flutter\ephemeral\.plugin_symlinks\build_info_windows\windows\build_info_windows_plugin.cpp(66,45): error C2447: '{': ・ｽﾎ会ｿｽ・ｽ・ｽ・ｽ・ｽﾖ撰ｿｽ・ｽw・ｽb・ｽ_・ｽ[・ｽ・ｽ・ｽ・ｽ・ｽ・ｽﾜゑｿｽ・ｽ・ｽ (・ｽ・ｽ・ｽ`・ｽ・ｽ・ｽﾌ会ｿｽ・ｽ・ｽ・ｽ・ｽ・ｽ・ｽ・ｽX・ｽg?) [D:\Work\flutter_build_info\build_info_windows\example\build\windows\x64\plugins\build_info_windows\build_info_windows_plugin.vcxproj]
D:\Work\flutter_build_info\build_info_windows\example\windows\flutter\ephemeral\.plugin_symlinks\build_info_windows\windows\build_info_windows_plugin.h(26,10): error C2143: ・ｽ\・ｽ・ｽ・ｽG・ｽ・ｽ・ｽ[: ';' ・ｽ・ｽ '<' ・ｽﾌ前・ｽﾉゑｿｽ・ｽ・ｽﾜゑｿｽ・ｽ・ｽB [D:\Work\flutter_build_info\build_info_windows\example\build\windows\x64\plugins\build_info_windows\build_info_windows_test.vcxproj]
D:\Work\flutter_build_info\build_info_windows\example\windows\flutter\ephemeral\.plugin_symlinks\build_info_windows\windows\build_info_windows_plugin.h(26,10): error C4430: ・ｽ^・ｽw・ｽ・ｽq・ｽ・ｽ・ｽ・ｽ・ｽ・ｽﾜゑｿｽ・ｽ・ｽ - int ・ｽﾆ会ｿｽ・ｽ閧ｵ・ｽﾜゑｿｽ・ｽ・ｽ・ｽB・ｽ・ｽ・ｽ・ｽ: C++ ・ｽ・ｽ int ・ｽ・ｽ・ｽ・ｽ・ｽ・ｽl・ｽﾆゑｿｽ・ｽﾄサ・ｽ|・ｽ[・ｽg・ｽ・ｽ・ｽﾄゑｿｽ・ｽﾜゑｿｽ・ｽ・ｽ [D:\Work\flutter_build_info\build_info_windows\example\build\windows\x64\plugins\build_info_windows\build_info_windows_test.vcxproj]
D:\Work\flutter_build_info\build_info_windows\example\windows\flutter\ephemeral\.plugin_symlinks\build_info_windows\windows\build_info_windows_plugin.h(26,55): error C2238: ';' ・ｽﾌ前・ｽﾉ厄ｿｽ・ｽ・ｽ・ｽﾈト・ｽ[・ｽN・ｽ・ｽ・ｽ・ｽ・ｽ・ｽ・ｽ・ｽﾜゑｿｽ・ｽB [D:\Work\flutter_build_info\build_info_windows\example\build\windows\x64\plugins\build_info_windows\build_info_windows_test.vcxproj]
D:\Work\flutter_build_info\build_info_windows\example\windows\flutter\ephemeral\.plugin_symlinks\build_info_windows\windows\test\build_info_windows_plugin_test.cpp(26,26): error C2259: 'build_info_windows::BuildInfoWindowsPlugin': ・ｽ・ｽ・ｽﾛク・ｽ・ｽ・ｽX・ｽ・ｽ・ｽC・ｽ・ｽ・ｽX・ｽ^・ｽ・ｽ・ｽX・ｽ・ｽ・ｽﾅゑｿｽ・ｽﾜゑｿｽ・ｽ・ｽB [D:\Work\flutter_build_info\build_info_windows\example\build\windows\x64\plugins\build_info_windows\build_info_windows_test.vcxproj]
D:\Work\flutter_build_info\build_info_windows\example\windows\flutter\ephemeral\.plugin_symlinks\build_info_windows\windows\test\build_info_windows_plugin_test.cpp(29,10): error C2039: 'HandleMethodCall': 'build_info_windows::BuildInfoWindowsPlugin' ・ｽﾌ・ｿｽ・ｽ・ｽ・ｽo・ｽ[・ｽﾅはゑｿｽ・ｽ・ｽﾜゑｿｽ・ｽ・ｽ [D:\Work\flutter_build_info\build_info_windows\example\build\windows\x64\plugins\build_info_windows\build_info_windows_test.vcxproj]
D:\Work\flutter_build_info\build_info_windows\example\windows\flutter\ephemeral\.plugin_symlinks\build_info_windows\windows\build_info_windows_plugin.h(26,10): error C2143: ・ｽ\・ｽ・ｽ・ｽG・ｽ・ｽ・ｽ[: ';' ・ｽ・ｽ '<' ・ｽﾌ前・ｽﾉゑｿｽ・ｽ・ｽﾜゑｿｽ・ｽ・ｽB [D:\Work\flutter_build_info\build_info_windows\example\build\windows\x64\plugins\build_info_windows\build_info_windows_test.vcxproj]
D:\Work\flutter_build_info\build_info_windows\example\windows\flutter\ephemeral\.plugin_symlinks\build_info_windows\windows\build_info_windows_plugin.h(26,10): error C4430: ・ｽ^・ｽw・ｽ・ｽq・ｽ・ｽ・ｽ・ｽ・ｽ・ｽﾜゑｿｽ・ｽ・ｽ - int ・ｽﾆ会ｿｽ・ｽ閧ｵ・ｽﾜゑｿｽ・ｽ・ｽ・ｽB・ｽ・ｽ・ｽ・ｽ: C++ ・ｽ・ｽ int ・ｽ・ｽ・ｽ・ｽ・ｽ・ｽl・ｽﾆゑｿｽ・ｽﾄサ・ｽ|・ｽ[・ｽg・ｽ・ｽ・ｽﾄゑｿｽ・ｽﾜゑｿｽ・ｽ・ｽ [D:\Work\flutter_build_info\build_info_windows\example\build\windows\x64\plugins\build_info_windows\build_info_windows_test.vcxproj]
D:\Work\flutter_build_info\build_info_windows\example\windows\flutter\ephemeral\.plugin_symlinks\build_info_windows\windows\build_info_windows_plugin.h(26,55): error C2238: ';' ・ｽﾌ前・ｽﾉ厄ｿｽ・ｽ・ｽ・ｽﾈト・ｽ[・ｽN・ｽ・ｽ・ｽ・ｽ・ｽ・ｽ・ｽ・ｽﾜゑｿｽ・ｽB [D:\Work\flutter_build_info\build_info_windows\example\build\windows\x64\plugins\build_info_windows\build_info_windows_test.vcxproj]
D:\Work\flutter_build_info\build_info_windows\example\windows\flutter\ephemeral\.plugin_symlinks\build_info_windows\windows\build_info_windows_plugin.cpp(39,21): error C2039: 'setUp': 'build_info_windows::BuildInfoHostApi' ・ｽﾌ・ｿｽ・ｽ・ｽ・ｽo・ｽ[・ｽﾅはゑｿｽ・ｽ・ｽﾜゑｿｽ・ｽ・ｽ [D:\Work\flutter_build_info\build_info_windows\example\build\windows\x64\plugins\build_info_windows\build_info_windows_test.vcxproj]
D:\Work\flutter_build_info\build_info_windows\example\windows\flutter\ephemeral\.plugin_symlinks\build_info_windows\windows\build_info_windows_plugin.cpp(39,21): error C3861: 'setUp': ・ｽ・ｽ・ｽﾊ子・ｽ・ｽ・ｽ・ｽ・ｽﾂゑｿｽ・ｽ・ｽﾜゑｿｽ・ｽ・ｽﾅゑｿｽ・ｽ・ｽ [D:\Work\flutter_build_info\build_info_windows\example\build\windows\x64\plugins\build_info_windows\build_info_windows_test.vcxproj]
D:\Work\flutter_build_info\build_info_windows\example\windows\flutter\ephemeral\.plugin_symlinks\build_info_windows\windows\build_info_windows_plugin.cpp(66,8): error C2143: ・ｽ\・ｽ・ｽ・ｽG・ｽ・ｽ・ｽ[: ';' ・ｽ・ｽ '<' ・ｽﾌ前・ｽﾉゑｿｽ・ｽ・ｽﾜゑｿｽ・ｽ・ｽB [D:\Work\flutter_build_info\build_info_windows\example\build\windows\x64\plugins\build_info_windows\build_info_windows_test.vcxproj]
D:\Work\flutter_build_info\build_info_windows\example\windows\flutter\ephemeral\.plugin_symlinks\build_info_windows\windows\build_info_windows_plugin.cpp(66,8): error C4430: ・ｽ^・ｽw・ｽ・ｽq・ｽ・ｽ・ｽ・ｽ・ｽ・ｽﾜゑｿｽ・ｽ・ｽ - int ・ｽﾆ会ｿｽ・ｽ閧ｵ・ｽﾜゑｿｽ・ｽ・ｽ・ｽB・ｽ・ｽ・ｽ・ｽ: C++ ・ｽ・ｽ int ・ｽ・ｽ・ｽ・ｽ・ｽ・ｽl・ｽﾆゑｿｽ・ｽﾄサ・ｽ|・ｽ[・ｽg・ｽ・ｽ・ｽﾄゑｿｽ・ｽﾜゑｿｽ・ｽ・ｽ [D:\Work\flutter_build_info\build_info_windows\example\build\windows\x64\plugins\build_info_windows\build_info_windows_test.vcxproj]
D:\Work\flutter_build_info\build_info_windows\example\windows\flutter\ephemeral\.plugin_symlinks\build_info_windows\windows\build_info_windows_plugin.cpp(66,45): error C2143: ・ｽ\・ｽ・ｽ・ｽG・ｽ・ｽ・ｽ[: ';' ・ｽ・ｽ '{' ・ｽﾌ前・ｽﾉゑｿｽ・ｽ・ｽﾜゑｿｽ・ｽ・ｽB [D:\Work\flutter_build_info\build_info_windows\example\build\windows\x64\plugins\build_info_windows\build_info_windows_test.vcxproj]
D:\Work\flutter_build_info\build_info_windows\example\windows\flutter\ephemeral\.plugin_symlinks\build_info_windows\windows\build_info_windows_plugin.cpp(66,45): error C2447: '{': ・ｽﾎ会ｿｽ・ｽ・ｽ・ｽ・ｽﾖ撰ｿｽ・ｽw・ｽb・ｽ_・ｽ[・ｽ・ｽ・ｽ・ｽ・ｽ・ｽﾜゑｿｽ・ｽ・ｽ (・ｽ・ｽ・ｽ`・ｽ・ｽ・ｽﾌ会ｿｽ・ｽ・ｽ・ｽ・ｽ・ｽ・ｽ・ｽX・ｽg?) [D:\Work\flutter_build_info\build_info_windows\example\build\windows\x64\plugins\build_info_windows\build_info_windows_test.vcxproj]
Exception: Build process failed.
